0 info it worked if it ends with ok
1 verbose cli [ 'C:\\Program Files\\nodejs\\node.exe',
1 verbose cli   'C:\\Program Files\\nodejs\\node_modules\\npm\\bin\\npm-cli.js',
1 verbose cli   'run',
1 verbose cli   'webdriver-start' ]
2 info using npm@3.10.10
3 info using node@v6.10.0
4 verbose run-script [ 'prewebdriver-start',
4 verbose run-script   'webdriver-start',
4 verbose run-script   'postwebdriver-start' ]
5 info lifecycle protractor-typescript-cucumber@3.0.0~prewebdriver-start: protractor-typescript-cucumber@3.0.0
6 silly lifecycle protractor-typescript-cucumber@3.0.0~prewebdriver-start: no script for prewebdriver-start, continuing
7 info lifecycle protractor-typescript-cucumber@3.0.0~webdriver-start: protractor-typescript-cucumber@3.0.0
8 verbose lifecycle protractor-typescript-cucumber@3.0.0~webdriver-start: unsafe-perm in lifecycle true
9 verbose lifecycle protractor-typescript-cucumber@3.0.0~webdriver-start: PATH: C:\Program Files\nodejs\node_modules\npm\bin\node-gyp-bin;E:\Protractor Practise\protractor-cucumber-typescript-master\protractor-cucumber-typescript-master\node_modules\.bin;C:\WINDOWS\system32;C:\WINDOWS;C:\WINDOWS\System32\Wbem;C:\WINDOWS\System32\WindowsPowerShell\v1.0\;C:\Program Files\Java\jdk1.8.0_144\bin;C:\mvn\apache-maven-3.5.0\bin;C:\Android\sdk\platform-tools;C:\Program Files\Git\cmd;C:\Users\Natarajan Ramanathan\Downloads\apache-ant-1.10.1\bin;C:\Program Files\PuTTY\;C:\Program Files\nodejs\;C:\Android\sdk\tools\bin;C:\Program Files\Andy;C:\WINDOWS\SysWOW64;C:\WINDOWS\System32;C:\WINDOWS\SysWOW64\wbem;C:\WINDOWS\System32\wbem;C:\WINDOWS\SysWOW64\WindowsPowerShell\v1.0\;C:\WINDOWS\System32\WindowsPowerShell\v1.0\;C:\WINDOWS\;C:\WINDOWS\System32\OpenSSH\;C:\Program Files\dotnet\;C:\Users\Natarajan Ramanathan\Anaconda3;C:\Users\Natarajan Ramanathan\Anaconda3\Library\mingw-w64\bin;C:\Users\Natarajan Ramanathan\Anaconda3\Library\usr\bin;C:\Users\Natarajan Ramanathan\Anaconda3\Library\bin;C:\Users\Natarajan Ramanathan\Anaconda3\Scripts;C:\Users\Natarajan Ramanathan\AppData\Local\Programs\Python\Python36-32\Scripts\;C:\Users\Natarajan Ramanathan\AppData\Local\Programs\Python\Python36-32\;C:\Ruby23-x64\bin;C:\Users\Natarajan Ramanathan\AppData\Local\Microsoft\WindowsApps;C:\Users\Natarajan Ramanathan\AppData\Local\GitHubDesktop\bin;C:\Users\Natarajan Ramanathan\AppData\Roaming\npm;C:\Users\Natarajan Ramanathan\AppData\Local\Microsoft\WindowsApps;C:\Program Files\Microsoft VS Code\bin;C:\Android\sdk\tools;
10 verbose lifecycle protractor-typescript-cucumber@3.0.0~webdriver-start: CWD: E:\Protractor Practise\protractor-cucumber-typescript-master\protractor-cucumber-typescript-master
11 silly lifecycle protractor-typescript-cucumber@3.0.0~webdriver-start: Args: [ '/d /s /c', 'webdriver-manager start' ]
12 silly lifecycle protractor-typescript-cucumber@3.0.0~webdriver-start: Returned: code: 3221225786  signal: null
13 info lifecycle protractor-typescript-cucumber@3.0.0~webdriver-start: Failed to exec webdriver-start script
14 verbose stack Error: protractor-typescript-cucumber@3.0.0 webdriver-start: `webdriver-manager start`
14 verbose stack Exit status 3221225786
14 verbose stack     at EventEmitter.<anonymous> (C:\Program Files\nodejs\node_modules\npm\lib\utils\lifecycle.js:255:16)
14 verbose stack     at emitTwo (events.js:106:13)
14 verbose stack     at EventEmitter.emit (events.js:191:7)
14 verbose stack     at ChildProcess.<anonymous> (C:\Program Files\nodejs\node_modules\npm\lib\utils\spawn.js:40:14)
14 verbose stack     at emitTwo (events.js:106:13)
14 verbose stack     at ChildProcess.emit (events.js:191:7)
14 verbose stack     at maybeClose (internal/child_process.js:877:16)
14 verbose stack     at Process.ChildProcess._handle.onexit (internal/child_process.js:226:5)
15 verbose pkgid protractor-typescript-cucumber@3.0.0
16 verbose cwd E:\Protractor Practise\protractor-cucumber-typescript-master\protractor-cucumber-typescript-master
17 error Windows_NT 10.0.17134
18 error argv "C:\\Program Files\\nodejs\\node.exe" "C:\\Program Files\\nodejs\\node_modules\\npm\\bin\\npm-cli.js" "run" "webdriver-start"
19 error node v6.10.0
20 error npm  v3.10.10
21 error code ELIFECYCLE
22 error protractor-typescript-cucumber@3.0.0 webdriver-start: `webdriver-manager start`
22 error Exit status 3221225786
23 error Failed at the protractor-typescript-cucumber@3.0.0 webdriver-start script 'webdriver-manager start'.
23 error Make sure you have the latest version of node.js and npm installed.
23 error If you do, this is most likely a problem with the protractor-typescript-cucumber package,
23 error not with npm itself.
23 error Tell the author that this fails on your system:
23 error     webdriver-manager start
23 error You can get information on how to open an issue for this project with:
23 error     npm bugs protractor-typescript-cucumber
23 error Or if that isn't available, you can get their info via:
23 error     npm owner ls protractor-typescript-cucumber
23 error There is likely additional logging output above.
24 verbose exit [ 1, true ]
