0 info it worked if it ends with ok
1 verbose cli [ 'C:\\Program Files\\nodejs\\node.exe',
1 verbose cli   'C:\\Program Files\\nodejs\\node_modules\\npm\\bin\\npm-cli.js',
1 verbose cli   'run',
1 verbose cli   'webdriver-start' ]
2 info using npm@3.10.10
3 info using node@v6.10.0
4 verbose run-script [ 'prewebdriver-start',
4 verbose run-script   'webdriver-start',
4 verbose run-script   'postwebdriver-start' ]
5 info lifecycle protractor-typescript-cucumber@3.0.0~prewebdriver-start: protractor-typescript-cucumber@3.0.0
6 silly lifecycle protractor-typescript-cucumber@3.0.0~prewebdriver-start: no script for prewebdriver-start, continuing
7 info lifecycle protractor-typescript-cucumber@3.0.0~webdriver-start: protractor-typescript-cucumber@3.0.0
8 verbose lifecycle protractor-typescript-cucumber@3.0.0~webdriver-start: unsafe-perm in lifecycle true
9 verbose lifecycle protractor-typescript-cucumber@3.0.0~webdriver-start: PATH: C:\Program Files\nodejs\node_modules\npm\bin\node-gyp-bin;E:\Protractor Practise\protractor-cucumber-typescript-master\protractor-cucumber-typescript-master\node_modules\.bin;C:\WINDOWS\system32;C:\WINDOWS;C:\WINDOWS\System32\Wbem;C:\WINDOWS\System32\WindowsPowerShell\v1.0\;C:\Program Files\Java\jdk1.8.0_144\bin;C:\mvn\apache-maven-3.5.0\bin;C:\Android\sdk\platform-tools;C:\Program Files\Git\cmd;C:\Users\Natarajan Ramanathan\Downloads\apache-ant-1.10.1\bin;C:\Program Files\PuTTY\;C:\Program Files\nodejs\;C:\Android\sdk\tools\bin;C:\Program Files\Andy;C:\WINDOWS\SysWOW64;C:\WINDOWS\System32;C:\WINDOWS\SysWOW64\wbem;C:\WINDOWS\System32\wbem;C:\WINDOWS\SysWOW64\WindowsPowerShell\v1.0\;C:\WINDOWS\System32\WindowsPowerShell\v1.0\;C:\WINDOWS\;C:\WINDOWS\System32\OpenSSH\;C:\Program Files\dotnet\;C:\Program Files\Microsoft VS Code\bin;C:\Users\Natarajan Ramanathan\AppData\Local\Programs\Python\Python37-32;C:\Users\Natarajan Ramanathan\Desktop\drivers;C:\Users\Natarajan Ramanathan\AppData\Local\Programs\Python\Python37-32\Scripts\;C:\Users\Natarajan Ramanathan\AppData\Local\Programs\Python\Python37-32\;C:\Users\Natarajan Ramanathan\Anaconda3;C:\Users\Natarajan Ramanathan\Anaconda3\Library\mingw-w64\bin;C:\Users\Natarajan Ramanathan\Anaconda3\Library\usr\bin;C:\Users\Natarajan Ramanathan\Anaconda3\Library\bin;C:\Users\Natarajan Ramanathan\Anaconda3\Scripts;C:\Ruby23-x64\bin;C:\Users\Natarajan Ramanathan\AppData\Local\Microsoft\WindowsApps;C:\Users\Natarajan Ramanathan\AppData\Local\GitHubDesktop\bin;C:\Users\Natarajan Ramanathan\AppData\Roaming\npm;C:\Users\Natarajan Ramanathan\AppData\Local\Microsoft\WindowsApps;C:\Program Files\Microsoft VS Code\bin;C:\Android\sdk\tools;
10 verbose lifecycle protractor-typescript-cucumber@3.0.0~webdriver-start: CWD: E:\Protractor Practise\protractor-cucumber-typescript-master\protractor-cucumber-typescript-master
11 silly lifecycle protractor-typescript-cucumber@3.0.0~webdriver-start: Args: [ '/d /s /c', 'webdriver-manager start' ]
12 verbose stack Error: kill ENOSYS
12 verbose stack     at exports._errnoException (util.js:1022:11)
12 verbose stack     at process.kill (internal/process.js:172:13)
12 verbose stack     at process.listener (C:\Program Files\nodejs\node_modules\npm\node_modules\npmlog\node_modules\gauge\node_modules\signal-exit\index.js:86:15)
12 verbose stack     at emitNone (events.js:91:20)
12 verbose stack     at process.emit (events.js:185:7)
12 verbose stack     at processEmit (C:\Program Files\nodejs\node_modules\npm\node_modules\npmlog\node_modules\gauge\node_modules\signal-exit\index.js:146:32)
12 verbose stack     at processEmit (C:\Program Files\nodejs\node_modules\npm\node_modules\npm-registry-client\node_modules\npmlog\node_modules\gauge\node_modules\signal-exit\index.js:146:32)
12 verbose stack     at Signal.wrap.onsignal (internal/process.js:199:44)
13 verbose cwd E:\Protractor Practise\protractor-cucumber-typescript-master\protractor-cucumber-typescript-master\config
14 error Windows_NT 10.0.17134
15 error argv "C:\\Program Files\\nodejs\\node.exe" "C:\\Program Files\\nodejs\\node_modules\\npm\\bin\\npm-cli.js" "run" "webdriver-start"
16 error node v6.10.0
17 error npm  v3.10.10
18 error code ENOSYS
19 error errno ENOSYS
20 error syscall kill
21 error kill ENOSYS
22 error If you need help, you may report this error at:
22 error     <https://github.com/npm/npm/issues>
23 verbose exit [ 1, true ]
